<?xml version="1.0" encoding="UTF-8"?>
<!-- Generated by org.testng.reporters.JUnitReportReporter -->
<testsuite hostname="LMC-LT-077" failures="0" tests="1" name="vgive.Homelogin" time="12.252" errors="0" timestamp="2022-08-25T22:16:38 IST" skipped="0">
  <testcase classname="vgive.Homelogin" name="login" time="12.252"/>
  <system-out/>
</testsuite> <!-- vgive.Homelogin -->
