<?xml version="1.0" encoding="UTF-8"?>
<!-- Generated by org.testng.reporters.JUnitReportReporter -->
<testsuite hostname="LMC-LT-077" failures="0" tests="1" name="com.mystore.testcases.IndexPageTest" time="8.939" errors="0" timestamp="2022-10-17T11:57:31 IST" skipped="0">
  <testcase classname="com.mystore.testcases.IndexPageTest" name="verifyLogo" time="8.939"/>
  <system-out/>
</testsuite> <!-- com.mystore.testcases.IndexPageTest -->
